<?xml version="1.0" encoding="UTF-8"?>
<!-- Generated by org.testng.reporters.JUnitReportReporter -->
<testsuite hostname="MSI" failures="0" tests="5" name="testClasses.testClassPractice" time="0.014" errors="0" timestamp="2023-11-02T00:15:29 IST" skipped="1">
  <testcase classname="testClasses.testClassPractice" name="testC" time="0.002"/>
  <testcase classname="testClasses.testClassPractice" name="teste" time="0.009"/>
  <testcase classname="testClasses.testClassPractice" name="testA" time="0.001"/>
  <testcase classname="testClasses.testClassPractice" name="testB" time="0.002"/>
  <testcase classname="testClasses.testClassPractice" name="testD">
    <skipped/>
  </testcase> <!-- testD -->
</testsuite> <!-- testClasses.testClassPractice -->
